<?xml version="1.0" encoding="UTF-8"?>
<testsuite name="TradeTest" tests="1" skipped="0" failures="0" errors="0" timestamp="2021-03-01T15:46:34" hostname="DESKTOP-MLTKG4F" time="0.05">
  <properties/>
  <testcase name="setPrice()" classname="TradeTest" time="0.05"/>
  <system-out><![CDATA[Trade{id='T1', symbol='QP', quantity=4, price=60.0}
]]></system-out>
  <system-err><![CDATA[]]></system-err>
</testsuite>
